c:\users\luizarthurchagasoliv\desktop\clickergame\clickergame\clickergame\debug\vc141.pdb
c:\users\luizarthurchagasoliv\desktop\clickergame\clickergame\clickergame\debug\vc141.idb
c:\users\luizarthurchagasoliv\desktop\clickergame\clickergame\clickergame\debug\upgrade.obj
c:\users\luizarthurchagasoliv\desktop\clickergame\clickergame\clickergame\debug\noupgrade.obj
c:\users\luizarthurchagasoliv\desktop\clickergame\clickergame\clickergame\debug\noconstrucao.obj
c:\users\luizarthurchagasoliv\desktop\clickergame\clickergame\clickergame\debug\main.obj
c:\users\luizarthurchagasoliv\desktop\clickergame\clickergame\clickergame\debug\listaupgrade.obj
c:\users\luizarthurchagasoliv\desktop\clickergame\clickergame\clickergame\debug\listaconstrucao.obj
c:\users\luizarthurchagasoliv\desktop\clickergame\clickergame\clickergame\debug\lista.obj
c:\users\luizarthurchagasoliv\desktop\clickergame\clickergame\clickergame\debug\item.obj
c:\users\luizarthurchagasoliv\desktop\clickergame\clickergame\clickergame\debug\construcao.obj
c:\users\luizarthurchagasoliv\desktop\clickergame\clickergame\clickergame\debug\botao.obj
c:\users\luizarthurchagasoliv\desktop\clickergame\clickergame\debug\clickergame.exe
c:\users\luizarthurchagasoliv\desktop\clickergame\clickergame\debug\clickergame.ilk
c:\users\luizarthurchagasoliv\desktop\clickergame\clickergame\debug\clickergame.pdb
c:\users\luizarthurchagasoliv\desktop\clickergame\clickergame\clickergame\debug\clickergame.tlog\cl.command.1.tlog
c:\users\luizarthurchagasoliv\desktop\clickergame\clickergame\clickergame\debug\clickergame.tlog\cl.read.1.tlog
c:\users\luizarthurchagasoliv\desktop\clickergame\clickergame\clickergame\debug\clickergame.tlog\cl.write.1.tlog
c:\users\luizarthurchagasoliv\desktop\clickergame\clickergame\clickergame\debug\clickergame.tlog\link.command.1.tlog
c:\users\luizarthurchagasoliv\desktop\clickergame\clickergame\clickergame\debug\clickergame.tlog\link.read.1.tlog
c:\users\luizarthurchagasoliv\desktop\clickergame\clickergame\clickergame\debug\clickergame.tlog\link.write.1.tlog
